android/app/build/intermediates/manifest_merge_blame_file/debug/manifest-merger-blame-debug-report.txt
1<?xml version="1.0" encoding="utf-8"?>
2<manifest xmlns:android="http://schemas.android.com/apk/res/android"
3    package="com.taxi"
4    android:versionCode="1"
5    android:versionName="1.0" >
6
7    <uses-sdk
8        android:minSdkVersion="21"
9        android:targetSdkVersion="34" />
10
11    <uses-permission android:name="android.permission.INTERNET" />
11-->src\main\AndroidManifest.xml:3:5-67
11-->src\main\AndroidManifest.xml:3:22-64
12    <uses-permission android:name="android.permission.ACCESS_FINE_LOCATION" />
12-->src\main\AndroidManifest.xml:4:5-78
12-->src\main\AndroidManifest.xml:4:22-76
13    <uses-permission android:name="android.permission.ACCESS_COARSE_LOCATION" />
13-->src\main\AndroidManifest.xml:5:5-80
13-->src\main\AndroidManifest.xml:5:22-78
14    <uses-permission android:name="android.permission.WAKE_LOCK" />
14-->[:react-native-firebase_messaging] AndroidManifest.xml:8:5-68
14-->[:react-native-firebase_messaging] AndroidManifest.xml:8:22-65
15    <uses-permission android:name="android.permission.ACCESS_NETWORK_STATE" />
15-->[:react-native-firebase_messaging] AndroidManifest.xml:9:5-79
15-->[:react-native-firebase_messaging] AndroidManifest.xml:9:22-76
16    <!--
17    This manifest file is used only by Gradle to configure debug-only capabilities
18    for React Native Apps.
19    -->
20    <uses-permission android:name="android.permission.SYSTEM_ALERT_WINDOW" />
20-->[com.facebook.react:react-android:0.73.6] AndroidManifest.xml:16:5-78
20-->[com.facebook.react:react-android:0.73.6] AndroidManifest.xml:16:22-75
21    <uses-permission android:name="android.permission.ACCESS_WIFI_STATE" />
21-->[com.facebook.flipper:flipper:0.201.0] AndroidManifest.xml:14:5-76
21-->[com.facebook.flipper:flipper:0.201.0] AndroidManifest.xml:14:22-73
22
23    <queries>
23-->[com.razorpay:standard-core:1.6.43] AndroidManifest.xml:10:5-39:15
24        <intent>
24-->[com.razorpay:standard-core:1.6.43] AndroidManifest.xml:11:9-17:18
25            <action android:name="android.intent.action.VIEW" />
25-->[com.razorpay:standard-core:1.6.43] AndroidManifest.xml:12:13-65
25-->[com.razorpay:standard-core:1.6.43] AndroidManifest.xml:12:21-62
26
27            <data
27-->[com.razorpay:standard-core:1.6.43] AndroidManifest.xml:14:13-16:38
28                android:mimeType="*/*"
28-->[com.razorpay:standard-core:1.6.43] AndroidManifest.xml:15:17-39
29                android:scheme="*" />
29-->[com.razorpay:standard-core:1.6.43] AndroidManifest.xml:16:17-35
30        </intent>
31        <intent>
31-->[com.razorpay:standard-core:1.6.43] AndroidManifest.xml:18:9-27:18
32            <action android:name="android.intent.action.VIEW" />
32-->[com.razorpay:standard-core:1.6.43] AndroidManifest.xml:12:13-65
32-->[com.razorpay:standard-core:1.6.43] AndroidManifest.xml:12:21-62
33
34            <category android:name="android.intent.category.BROWSABLE" />
34-->[com.razorpay:standard-core:1.6.43] AndroidManifest.xml:21:13-74
34-->[com.razorpay:standard-core:1.6.43] AndroidManifest.xml:21:23-71
35
36            <data
36-->[com.razorpay:standard-core:1.6.43] AndroidManifest.xml:14:13-16:38
37                android:host="pay"
38                android:mimeType="*/*"
38-->[com.razorpay:standard-core:1.6.43] AndroidManifest.xml:15:17-39
39                android:scheme="upi" />
39-->[com.razorpay:standard-core:1.6.43] AndroidManifest.xml:16:17-35
40        </intent>
41        <intent>
41-->[com.razorpay:standard-core:1.6.43] AndroidManifest.xml:28:9-30:18
42            <action android:name="android.intent.action.MAIN" />
42-->src\main\AndroidManifest.xml:24:13-65
42-->src\main\AndroidManifest.xml:24:21-62
43        </intent>
44        <intent>
44-->[com.razorpay:standard-core:1.6.43] AndroidManifest.xml:31:9-35:18
45            <action android:name="android.intent.action.SEND" />
45-->[com.razorpay:standard-core:1.6.43] AndroidManifest.xml:32:13-65
45-->[com.razorpay:standard-core:1.6.43] AndroidManifest.xml:32:21-62
46
47            <data android:mimeType="*/*" />
47-->[com.razorpay:standard-core:1.6.43] AndroidManifest.xml:14:13-16:38
47-->[com.razorpay:standard-core:1.6.43] AndroidManifest.xml:15:17-39
48        </intent>
49        <intent>
49-->[com.razorpay:standard-core:1.6.43] AndroidManifest.xml:36:9-38:18
50            <action android:name="rzp.device_token.share" />
50-->[com.razorpay:standard-core:1.6.43] AndroidManifest.xml:37:13-61
50-->[com.razorpay:standard-core:1.6.43] AndroidManifest.xml:37:21-58
51        </intent>
52        <!-- Needs to be explicitly declared on Android R+ -->
53        <package android:name="com.google.android.apps.maps" />
53-->[com.google.android.gms:play-services-maps:18.2.0] AndroidManifest.xml:33:9-64
53-->[com.google.android.gms:play-services-maps:18.2.0] AndroidManifest.xml:33:18-61
54    </queries>
55
56    <uses-feature
56-->[com.google.android.gms:play-services-maps:18.2.0] AndroidManifest.xml:26:5-28:35
57        android:glEsVersion="0x00020000"
57-->[com.google.android.gms:play-services-maps:18.2.0] AndroidManifest.xml:27:9-41
58        android:required="true" />
58-->[com.google.android.gms:play-services-maps:18.2.0] AndroidManifest.xml:28:9-32
59
60    <uses-permission android:name="android.permission.POST_NOTIFICATIONS" /> <!-- Required by older versions of Google Play services to create IID tokens -->
60-->[com.google.firebase:firebase-messaging:24.0.0] AndroidManifest.xml:23:5-77
60-->[com.google.firebase:firebase-messaging:24.0.0] AndroidManifest.xml:23:22-74
61    <uses-permission android:name="com.google.android.c2dm.permission.RECEIVE" />
61-->[com.google.firebase:firebase-messaging:24.0.0] AndroidManifest.xml:26:5-82
61-->[com.google.firebase:firebase-messaging:24.0.0] AndroidManifest.xml:26:22-79
62    <uses-permission android:name="android.permission.RECEIVE_BOOT_COMPLETED" />
62-->[androidx.work:work-runtime:2.7.1] AndroidManifest.xml:27:5-81
62-->[androidx.work:work-runtime:2.7.1] AndroidManifest.xml:27:22-78
63    <uses-permission android:name="android.permission.FOREGROUND_SERVICE" />
63-->[androidx.work:work-runtime:2.7.1] AndroidManifest.xml:28:5-77
63-->[androidx.work:work-runtime:2.7.1] AndroidManifest.xml:28:22-74
64
65    <permission
65-->[androidx.core:core:1.9.0] AndroidManifest.xml:22:5-24:47
66        android:name="com.taxi.DYNAMIC_RECEIVER_NOT_EXPORTED_PERMISSION"
66-->[androidx.core:core:1.9.0] AndroidManifest.xml:23:9-81
67        android:protectionLevel="signature" />
67-->[androidx.core:core:1.9.0] AndroidManifest.xml:24:9-44
68
69    <uses-permission android:name="com.taxi.DYNAMIC_RECEIVER_NOT_EXPORTED_PERMISSION" />
69-->[androidx.core:core:1.9.0] AndroidManifest.xml:26:5-97
69-->[androidx.core:core:1.9.0] AndroidManifest.xml:26:22-94
70
71    <application
71-->src\main\AndroidManifest.xml:8:5-31:19
72        android:name="com.taxi.MainApplication"
72-->src\main\AndroidManifest.xml:9:7-38
73        android:allowBackup="false"
73-->src\main\AndroidManifest.xml:13:7-34
74        android:appComponentFactory="androidx.core.app.CoreComponentFactory"
74-->[androidx.core:core:1.9.0] AndroidManifest.xml:28:18-86
75        android:debuggable="true"
76        android:extractNativeLibs="true"
77        android:icon="@mipmap/ic_launcher"
77-->src\main\AndroidManifest.xml:11:7-41
78        android:label="@string/app_name"
78-->src\main\AndroidManifest.xml:10:7-39
79        android:roundIcon="@mipmap/ic_launcher_round"
79-->src\main\AndroidManifest.xml:12:7-52
80        android:supportsRtl="true"
80-->src\main\AndroidManifest.xml:14:7-33
81        android:theme="@style/AppTheme"
81-->src\main\AndroidManifest.xml:15:7-38
82        android:usesCleartextTraffic="true" >
82-->src\debug\AndroidManifest.xml:6:9-44
83        <activity
83-->src\main\AndroidManifest.xml:16:7-27:18
84            android:name="com.taxi.MainActivity"
84-->src\main\AndroidManifest.xml:17:9-37
85            android:configChanges="keyboard|keyboardHidden|orientation|screenLayout|screenSize|smallestScreenSize|uiMode"
85-->src\main\AndroidManifest.xml:19:9-118
86            android:exported="true"
86-->src\main\AndroidManifest.xml:22:9-32
87            android:label="@string/app_name"
87-->src\main\AndroidManifest.xml:18:9-41
88            android:launchMode="singleTask"
88-->src\main\AndroidManifest.xml:20:9-40
89            android:windowSoftInputMode="adjustResize" >
89-->src\main\AndroidManifest.xml:21:9-51
90            <intent-filter>
90-->src\main\AndroidManifest.xml:23:9-26:25
91                <action android:name="android.intent.action.MAIN" />
91-->src\main\AndroidManifest.xml:24:13-65
91-->src\main\AndroidManifest.xml:24:21-62
92
93                <category android:name="android.intent.category.LAUNCHER" />
93-->src\main\AndroidManifest.xml:25:13-73
93-->src\main\AndroidManifest.xml:25:23-70
94            </intent-filter>
95        </activity>
96
97        <meta-data
97-->src\main\AndroidManifest.xml:28:7-30:63
98            android:name="com.google.android.geo.API_KEY"
98-->src\main\AndroidManifest.xml:29:5-50
99            android:value="AIzaSyACW1po0qU1jptIybBPGdFY-_MrycQPjfk" />
99-->src\main\AndroidManifest.xml:30:5-60
100
101        <service
101-->[:react-native-firebase_messaging] AndroidManifest.xml:12:9-14:40
102            android:name="io.invertase.firebase.messaging.ReactNativeFirebaseMessagingHeadlessService"
102-->[:react-native-firebase_messaging] AndroidManifest.xml:13:13-103
103            android:exported="false" />
103-->[:react-native-firebase_messaging] AndroidManifest.xml:14:13-37
104        <service
104-->[:react-native-firebase_messaging] AndroidManifest.xml:15:9-21:19
105            android:name="io.invertase.firebase.messaging.ReactNativeFirebaseMessagingService"
105-->[:react-native-firebase_messaging] AndroidManifest.xml:16:13-95
106            android:exported="false" >
106-->[:react-native-firebase_messaging] AndroidManifest.xml:17:13-37
107            <intent-filter>
107-->[:react-native-firebase_messaging] AndroidManifest.xml:18:13-20:29
108                <action android:name="com.google.firebase.MESSAGING_EVENT" />
108-->[:react-native-firebase_messaging] AndroidManifest.xml:19:17-78
108-->[:react-native-firebase_messaging] AndroidManifest.xml:19:25-75
109            </intent-filter>
110        </service>
111
112        <receiver
112-->[:react-native-firebase_messaging] AndroidManifest.xml:23:9-30:20
113            android:name="io.invertase.firebase.messaging.ReactNativeFirebaseMessagingReceiver"
113-->[:react-native-firebase_messaging] AndroidManifest.xml:24:13-96
114            android:exported="true"
114-->[:react-native-firebase_messaging] AndroidManifest.xml:25:13-36
115            android:permission="com.google.android.c2dm.permission.SEND" >
115-->[:react-native-firebase_messaging] AndroidManifest.xml:26:13-73
116            <intent-filter>
116-->[:react-native-firebase_messaging] AndroidManifest.xml:27:13-29:29
117                <action android:name="com.google.android.c2dm.intent.RECEIVE" />
117-->[:react-native-firebase_messaging] AndroidManifest.xml:28:17-81
117-->[:react-native-firebase_messaging] AndroidManifest.xml:28:25-78
118            </intent-filter>
119        </receiver>
120
121        <meta-data
121-->[:react-native-firebase_messaging] AndroidManifest.xml:32:9-34:36
122            android:name="firebase_messaging_auto_init_enabled"
122-->[:react-native-firebase_messaging] AndroidManifest.xml:33:13-64
123            android:value="true" />
123-->[:react-native-firebase_messaging] AndroidManifest.xml:34:13-33
124        <meta-data
124-->[:react-native-firebase_messaging] AndroidManifest.xml:35:9-37:32
125            android:name="com.google.firebase.messaging.default_notification_channel_id"
125-->[:react-native-firebase_messaging] AndroidManifest.xml:36:13-89
126            android:value="" />
126-->[:react-native-firebase_messaging] AndroidManifest.xml:37:13-29
127        <meta-data
127-->[:react-native-firebase_messaging] AndroidManifest.xml:38:9-40:47
128            android:name="com.google.firebase.messaging.default_notification_color"
128-->[:react-native-firebase_messaging] AndroidManifest.xml:39:13-84
129            android:resource="@color/white" />
129-->[:react-native-firebase_messaging] AndroidManifest.xml:40:13-44
130        <meta-data
130-->[:react-native-firebase_app] AndroidManifest.xml:9:9-11:36
131            android:name="app_data_collection_default_enabled"
131-->[:react-native-firebase_app] AndroidManifest.xml:10:13-63
132            android:value="true" />
132-->[:react-native-firebase_app] AndroidManifest.xml:11:13-33
133
134        <service
134-->[:react-native-firebase_app] AndroidManifest.xml:13:9-21:19
135            android:name="com.google.firebase.components.ComponentDiscoveryService"
135-->[:react-native-firebase_app] AndroidManifest.xml:14:13-84
136            android:directBootAware="true"
136-->[:react-native-firebase_app] AndroidManifest.xml:15:13-43
137            android:exported="false" >
137-->[:react-native-firebase_app] AndroidManifest.xml:16:13-37
138            <meta-data
138-->[:react-native-firebase_app] AndroidManifest.xml:18:13-20:85
139                android:name="com.google.firebase.components:io.invertase.firebase.app.ReactNativeFirebaseAppRegistrar"
139-->[:react-native-firebase_app] AndroidManifest.xml:19:17-120
140                android:value="com.google.firebase.components.ComponentRegistrar" />
140-->[:react-native-firebase_app] AndroidManifest.xml:20:17-82
141            <meta-data
141-->[com.google.firebase:firebase-messaging:24.0.0] AndroidManifest.xml:57:13-59:85
142                android:name="com.google.firebase.components:com.google.firebase.messaging.FirebaseMessagingKtxRegistrar"
142-->[com.google.firebase:firebase-messaging:24.0.0] AndroidManifest.xml:58:17-122
143                android:value="com.google.firebase.components.ComponentRegistrar" />
143-->[com.google.firebase:firebase-messaging:24.0.0] AndroidManifest.xml:59:17-82
144            <meta-data
144-->[com.google.firebase:firebase-messaging:24.0.0] AndroidManifest.xml:60:13-62:85
145                android:name="com.google.firebase.components:com.google.firebase.messaging.FirebaseMessagingRegistrar"
145-->[com.google.firebase:firebase-messaging:24.0.0] AndroidManifest.xml:61:17-119
146                android:value="com.google.firebase.components.ComponentRegistrar" />
146-->[com.google.firebase:firebase-messaging:24.0.0] AndroidManifest.xml:62:17-82
147            <meta-data
147-->[com.google.firebase:firebase-installations:18.0.0] AndroidManifest.xml:15:13-17:85
148                android:name="com.google.firebase.components:com.google.firebase.installations.FirebaseInstallationsKtxRegistrar"
148-->[com.google.firebase:firebase-installations:18.0.0] AndroidManifest.xml:16:17-130
149                android:value="com.google.firebase.components.ComponentRegistrar" />
149-->[com.google.firebase:firebase-installations:18.0.0] AndroidManifest.xml:17:17-82
150            <meta-data
150-->[com.google.firebase:firebase-installations:18.0.0] AndroidManifest.xml:18:13-20:85
151                android:name="com.google.firebase.components:com.google.firebase.installations.FirebaseInstallationsRegistrar"
151-->[com.google.firebase:firebase-installations:18.0.0] AndroidManifest.xml:19:17-127
152                android:value="com.google.firebase.components.ComponentRegistrar" />
152-->[com.google.firebase:firebase-installations:18.0.0] AndroidManifest.xml:20:17-82
153            <meta-data
153-->[com.google.firebase:firebase-common-ktx:21.0.0] AndroidManifest.xml:12:13-14:85
154                android:name="com.google.firebase.components:com.google.firebase.ktx.FirebaseCommonLegacyRegistrar"
154-->[com.google.firebase:firebase-common-ktx:21.0.0] AndroidManifest.xml:13:17-116
155                android:value="com.google.firebase.components.ComponentRegistrar" />
155-->[com.google.firebase:firebase-common-ktx:21.0.0] AndroidManifest.xml:14:17-82
156            <meta-data
156-->[com.google.firebase:firebase-common:21.0.0] AndroidManifest.xml:35:13-37:85
157                android:name="com.google.firebase.components:com.google.firebase.FirebaseCommonKtxRegistrar"
157-->[com.google.firebase:firebase-common:21.0.0] AndroidManifest.xml:36:17-109
158                android:value="com.google.firebase.components.ComponentRegistrar" />
158-->[com.google.firebase:firebase-common:21.0.0] AndroidManifest.xml:37:17-82
159            <meta-data
159-->[com.google.firebase:firebase-datatransport:18.2.0] AndroidManifest.xml:25:13-27:85
160                android:name="com.google.firebase.components:com.google.firebase.datatransport.TransportRegistrar"
160-->[com.google.firebase:firebase-datatransport:18.2.0] AndroidManifest.xml:26:17-115
161                android:value="com.google.firebase.components.ComponentRegistrar" />
161-->[com.google.firebase:firebase-datatransport:18.2.0] AndroidManifest.xml:27:17-82
162        </service>
163
164        <provider
164-->[:react-native-firebase_app] AndroidManifest.xml:23:9-27:38
165            android:name="io.invertase.firebase.app.ReactNativeFirebaseAppInitProvider"
165-->[:react-native-firebase_app] AndroidManifest.xml:24:13-88
166            android:authorities="com.taxi.reactnativefirebaseappinitprovider"
166-->[:react-native-firebase_app] AndroidManifest.xml:25:13-86
167            android:exported="false"
167-->[:react-native-firebase_app] AndroidManifest.xml:26:13-37
168            android:initOrder="99" />
168-->[:react-native-firebase_app] AndroidManifest.xml:27:13-35
169        <provider
169-->[:react-native-image-picker] AndroidManifest.xml:8:9-16:20
170            android:name="com.imagepicker.ImagePickerProvider"
170-->[:react-native-image-picker] AndroidManifest.xml:9:13-63
171            android:authorities="com.taxi.imagepickerprovider"
171-->[:react-native-image-picker] AndroidManifest.xml:10:13-71
172            android:exported="false"
172-->[:react-native-image-picker] AndroidManifest.xml:11:13-37
173            android:grantUriPermissions="true" >
173-->[:react-native-image-picker] AndroidManifest.xml:12:13-47
174            <meta-data
174-->[:react-native-image-picker] AndroidManifest.xml:13:13-15:70
175                android:name="android.support.FILE_PROVIDER_PATHS"
175-->[:react-native-image-picker] AndroidManifest.xml:14:17-67
176                android:resource="@xml/imagepicker_provider_paths" />
176-->[:react-native-image-picker] AndroidManifest.xml:15:17-67
177        </provider>
178
179        <activity
179-->[:react-native-razorpay] AndroidManifest.xml:8:9-10:86
180            android:name="com.razorpay.CheckoutActivity"
180-->[:react-native-razorpay] AndroidManifest.xml:9:13-57
181            android:configChanges="keyboard|keyboardHidden|orientation|screenSize"
181-->[:react-native-razorpay] AndroidManifest.xml:10:13-83
182            android:exported="false"
182-->[com.razorpay:standard-core:1.6.43] AndroidManifest.xml:54:13-37
183            android:theme="@style/CheckoutTheme" >
183-->[com.razorpay:standard-core:1.6.43] AndroidManifest.xml:55:13-49
184            <intent-filter>
184-->[com.razorpay:standard-core:1.6.43] AndroidManifest.xml:56:13-58:29
185                <action android:name="android.intent.action.MAIN" />
185-->src\main\AndroidManifest.xml:24:13-65
185-->src\main\AndroidManifest.xml:24:21-62
186            </intent-filter>
187        </activity>
188        <activity
188-->[com.facebook.react:react-android:0.73.6] AndroidManifest.xml:19:9-21:40
189            android:name="com.facebook.react.devsupport.DevSettingsActivity"
189-->[com.facebook.react:react-android:0.73.6] AndroidManifest.xml:20:13-77
190            android:exported="false" />
190-->[com.facebook.react:react-android:0.73.6] AndroidManifest.xml:21:13-37
191
192        <receiver
192-->[com.razorpay:standard-core:1.6.43] AndroidManifest.xml:42:9-49:20
193            android:name="com.razorpay.RzpTokenReceiver"
193-->[com.razorpay:standard-core:1.6.43] AndroidManifest.xml:43:13-57
194            android:exported="true" >
194-->[com.razorpay:standard-core:1.6.43] AndroidManifest.xml:44:13-36
195            <intent-filter>
195-->[com.razorpay:standard-core:1.6.43] AndroidManifest.xml:46:13-48:29
196                <action android:name="rzp.device_token.share" />
196-->[com.razorpay:standard-core:1.6.43] AndroidManifest.xml:37:13-61
196-->[com.razorpay:standard-core:1.6.43] AndroidManifest.xml:37:21-58
197            </intent-filter>
198        </receiver>
199
200        <activity
200-->[com.razorpay:standard-core:1.6.43] AndroidManifest.xml:60:9-63:75
201            android:name="com.razorpay.MagicXActivity"
201-->[com.razorpay:standard-core:1.6.43] AndroidManifest.xml:61:13-55
202            android:exported="false"
202-->[com.razorpay:standard-core:1.6.43] AndroidManifest.xml:62:13-37
203            android:theme="@android:style/Theme.Translucent.NoTitleBar" />
203-->[com.razorpay:standard-core:1.6.43] AndroidManifest.xml:63:13-72
204
205        <meta-data
205-->[com.razorpay:standard-core:1.6.43] AndroidManifest.xml:65:9-67:58
206            android:name="com.razorpay.plugin.googlepay_all"
206-->[com.razorpay:standard-core:1.6.43] AndroidManifest.xml:66:13-61
207            android:value="com.razorpay.RzpGpayMerged" />
207-->[com.razorpay:standard-core:1.6.43] AndroidManifest.xml:67:13-55
208
209        <activity
209-->[com.google.android.gms:play-services-auth:21.1.1] AndroidManifest.xml:23:9-27:75
210            android:name="com.google.android.gms.auth.api.signin.internal.SignInHubActivity"
210-->[com.google.android.gms:play-services-auth:21.1.1] AndroidManifest.xml:24:13-93
211            android:excludeFromRecents="true"
211-->[com.google.android.gms:play-services-auth:21.1.1] AndroidManifest.xml:25:13-46
212            android:exported="false"
212-->[com.google.android.gms:play-services-auth:21.1.1] AndroidManifest.xml:26:13-37
213            android:theme="@android:style/Theme.Translucent.NoTitleBar" />
213-->[com.google.android.gms:play-services-auth:21.1.1] AndroidManifest.xml:27:13-72
214        <!--
215            Service handling Google Sign-In user revocation. For apps that do not integrate with
216            Google Sign-In, this service will never be started.
217        -->
218        <service
218-->[com.google.android.gms:play-services-auth:21.1.1] AndroidManifest.xml:33:9-37:51
219            android:name="com.google.android.gms.auth.api.signin.RevocationBoundService"
219-->[com.google.android.gms:play-services-auth:21.1.1] AndroidManifest.xml:34:13-89
220            android:exported="true"
220-->[com.google.android.gms:play-services-auth:21.1.1] AndroidManifest.xml:35:13-36
221            android:permission="com.google.android.gms.auth.api.signin.permission.REVOCATION_NOTIFICATION"
221-->[com.google.android.gms:play-services-auth:21.1.1] AndroidManifest.xml:36:13-107
222            android:visibleToInstantApps="true" />
222-->[com.google.android.gms:play-services-auth:21.1.1] AndroidManifest.xml:37:13-48
223
224        <meta-data
224-->[com.github.bumptech.glide:okhttp3-integration:4.12.0] AndroidManifest.xml:11:9-13:43
225            android:name="com.bumptech.glide.integration.okhttp3.OkHttpGlideModule"
225-->[com.github.bumptech.glide:okhttp3-integration:4.12.0] AndroidManifest.xml:12:13-84
226            android:value="GlideModule" />
226-->[com.github.bumptech.glide:okhttp3-integration:4.12.0] AndroidManifest.xml:13:13-40
227        <meta-data
227-->[com.google.maps.android:android-maps-utils:3.8.2] AndroidManifest.xml:8:9-10:69
228            android:name="com.google.android.gms.version"
228-->[com.google.maps.android:android-maps-utils:3.8.2] AndroidManifest.xml:9:13-58
229            android:value="@integer/google_play_services_version" /> <!-- Needs to be explicitly declared on P+ -->
229-->[com.google.maps.android:android-maps-utils:3.8.2] AndroidManifest.xml:10:13-66
230        <uses-library
230-->[com.google.android.gms:play-services-maps:18.2.0] AndroidManifest.xml:39:9-41:40
231            android:name="org.apache.http.legacy"
231-->[com.google.android.gms:play-services-maps:18.2.0] AndroidManifest.xml:40:13-50
232            android:required="false" />
232-->[com.google.android.gms:play-services-maps:18.2.0] AndroidManifest.xml:41:13-37
233
234        <receiver
234-->[com.google.firebase:firebase-messaging:24.0.0] AndroidManifest.xml:29:9-40:20
235            android:name="com.google.firebase.iid.FirebaseInstanceIdReceiver"
235-->[com.google.firebase:firebase-messaging:24.0.0] AndroidManifest.xml:30:13-78
236            android:exported="true"
236-->[com.google.firebase:firebase-messaging:24.0.0] AndroidManifest.xml:31:13-36
237            android:permission="com.google.android.c2dm.permission.SEND" >
237-->[com.google.firebase:firebase-messaging:24.0.0] AndroidManifest.xml:32:13-73
238            <intent-filter>
238-->[:react-native-firebase_messaging] AndroidManifest.xml:27:13-29:29
239                <action android:name="com.google.android.c2dm.intent.RECEIVE" />
239-->[:react-native-firebase_messaging] AndroidManifest.xml:28:17-81
239-->[:react-native-firebase_messaging] AndroidManifest.xml:28:25-78
240            </intent-filter>
241
242            <meta-data
242-->[com.google.firebase:firebase-messaging:24.0.0] AndroidManifest.xml:37:13-39:40
243                android:name="com.google.android.gms.cloudmessaging.FINISHED_AFTER_HANDLED"
243-->[com.google.firebase:firebase-messaging:24.0.0] AndroidManifest.xml:38:17-92
244                android:value="true" />
244-->[com.google.firebase:firebase-messaging:24.0.0] AndroidManifest.xml:39:17-37
245        </receiver>
246        <!--
247             FirebaseMessagingService performs security checks at runtime,
248             but set to not exported to explicitly avoid allowing another app to call it.
249        -->
250        <service
250-->[com.google.firebase:firebase-messaging:24.0.0] AndroidManifest.xml:46:9-53:19
251            android:name="com.google.firebase.messaging.FirebaseMessagingService"
251-->[com.google.firebase:firebase-messaging:24.0.0] AndroidManifest.xml:47:13-82
252            android:directBootAware="true"
252-->[com.google.firebase:firebase-messaging:24.0.0] AndroidManifest.xml:48:13-43
253            android:exported="false" >
253-->[com.google.firebase:firebase-messaging:24.0.0] AndroidManifest.xml:49:13-37
254            <intent-filter android:priority="-500" >
254-->[:react-native-firebase_messaging] AndroidManifest.xml:18:13-20:29
255                <action android:name="com.google.firebase.MESSAGING_EVENT" />
255-->[:react-native-firebase_messaging] AndroidManifest.xml:19:17-78
255-->[:react-native-firebase_messaging] AndroidManifest.xml:19:25-75
256            </intent-filter>
257        </service>
258
259        <activity
259-->[com.google.android.gms:play-services-base:18.3.0] AndroidManifest.xml:20:9-22:45
260            android:name="com.google.android.gms.common.api.GoogleApiActivity"
260-->[com.google.android.gms:play-services-base:18.3.0] AndroidManifest.xml:20:19-85
261            android:exported="false"
261-->[com.google.android.gms:play-services-base:18.3.0] AndroidManifest.xml:22:19-43
262            android:theme="@android:style/Theme.Translucent.NoTitleBar" />
262-->[com.google.android.gms:play-services-base:18.3.0] AndroidManifest.xml:21:19-78
263
264        <provider
264-->[com.google.firebase:firebase-common:21.0.0] AndroidManifest.xml:23:9-28:39
265            android:name="com.google.firebase.provider.FirebaseInitProvider"
265-->[com.google.firebase:firebase-common:21.0.0] AndroidManifest.xml:24:13-77
266            android:authorities="com.taxi.firebaseinitprovider"
266-->[com.google.firebase:firebase-common:21.0.0] AndroidManifest.xml:25:13-72
267            android:directBootAware="true"
267-->[com.google.firebase:firebase-common:21.0.0] AndroidManifest.xml:26:13-43
268            android:exported="false"
268-->[com.google.firebase:firebase-common:21.0.0] AndroidManifest.xml:27:13-37
269            android:initOrder="100" />
269-->[com.google.firebase:firebase-common:21.0.0] AndroidManifest.xml:28:13-36
270        <provider
270-->[androidx.work:work-runtime:2.7.1] AndroidManifest.xml:31:9-39:20
271            android:name="androidx.startup.InitializationProvider"
271-->[androidx.work:work-runtime:2.7.1] AndroidManifest.xml:32:13-67
272            android:authorities="com.taxi.androidx-startup"
272-->[androidx.work:work-runtime:2.7.1] AndroidManifest.xml:33:13-68
273            android:exported="false" >
273-->[androidx.work:work-runtime:2.7.1] AndroidManifest.xml:34:13-37
274            <meta-data
274-->[androidx.work:work-runtime:2.7.1] AndroidManifest.xml:36:13-38:52
275                android:name="androidx.work.WorkManagerInitializer"
275-->[androidx.work:work-runtime:2.7.1] AndroidManifest.xml:37:17-68
276                android:value="androidx.startup" />
276-->[androidx.work:work-runtime:2.7.1] AndroidManifest.xml:38:17-49
277            <meta-data
277-->[androidx.emoji2:emoji2:1.2.0] AndroidManifest.xml:29:13-31:52
278                android:name="androidx.emoji2.text.EmojiCompatInitializer"
278-->[androidx.emoji2:emoji2:1.2.0] AndroidManifest.xml:30:17-75
279                android:value="androidx.startup" />
279-->[androidx.emoji2:emoji2:1.2.0] AndroidManifest.xml:31:17-49
280            <meta-data
280-->[androidx.lifecycle:lifecycle-process:2.4.1] AndroidManifest.xml:31:13-33:52
281                android:name="androidx.lifecycle.ProcessLifecycleInitializer"
281-->[androidx.lifecycle:lifecycle-process:2.4.1] AndroidManifest.xml:32:17-78
282                android:value="androidx.startup" />
282-->[androidx.lifecycle:lifecycle-process:2.4.1] AndroidManifest.xml:33:17-49
283        </provider>
284
285        <service
285-->[androidx.work:work-runtime:2.7.1] AndroidManifest.xml:41:9-46:35
286            android:name="androidx.work.impl.background.systemalarm.SystemAlarmService"